[2025-04-01 01:09:01] [INFO] Fichier chargé: Configuration de la base de données
[2025-04-01 01:09:01] [INFO] Fichier chargé: Fonctions utilitaires
[2025-04-01 01:09:01] [INFO] Fichier chargé: PHPMailer Exception
[2025-04-01 01:09:01] [INFO] Fichier chargé: PHPMailer Core
[2025-04-01 01:09:01] [INFO] Fichier chargé: PHPMailer SMTP
[2025-04-01 01:09:01] [INFO] Traitement de la réinitialisation de mot de passe
[2025-04-01 01:09:01] [INFO] Réinitialisation du mot de passe pour le technicien ID: 3
[2025-04-01 01:09:01] [INFO] Connexion à la base de données établie
[2025-04-01 01:09:01] [ERROR] Technicien ID: 3 introuvable
[2025-04-01 01:09:01] [ERROR] Erreur: Ce technicien n'existe pas
[2025-04-01 01:25:58] [INFO] Fichier chargé: Configuration de la base de données
[2025-04-01 01:25:58] [INFO] Fichier chargé: Fonctions utilitaires
[2025-04-01 01:25:58] [INFO] Fichier chargé: PHPMailer Exception
[2025-04-01 01:25:58] [INFO] Fichier chargé: PHPMailer Core
[2025-04-01 01:25:58] [INFO] Fichier chargé: PHPMailer SMTP
[2025-04-01 01:25:58] [INFO] Traitement de la réinitialisation de mot de passe
[2025-04-01 01:25:58] [INFO] Réinitialisation du mot de passe pour le technicien ID: 4
[2025-04-01 01:25:58] [INFO] Connexion à la base de données établie
[2025-04-01 01:25:58] [INFO] Informations du technicien récupérées: Ayoub Bellahcen
[2025-04-01 01:25:58] [INFO] Nouveau mot de passe généré pour MisterA
[2025-04-01 01:25:58] [INFO] Mot de passe mis à jour dans la base de données
[2025-04-01 01:25:58] [INFO] Configuration SMTP terminée
[2025-04-01 01:25:58] [INFO] Destinataires configurés: ayoubbellahcen10@gmail.com
[2025-04-01 01:25:58] [INFO] Contenu de l'email préparé
[2025-04-01 01:26:00] [INFO] Email de réinitialisation envoyé avec succès à ayoubbellahcen10@gmail.com
[2025-04-01 01:26:13] [INFO] Fichier chargé: Configuration de la base de données
[2025-04-01 01:26:13] [INFO] Fichier chargé: Fonctions utilitaires
[2025-04-01 01:26:13] [INFO] Fichier chargé: PHPMailer Exception
[2025-04-01 01:26:13] [INFO] Fichier chargé: PHPMailer Core
[2025-04-01 01:26:13] [INFO] Fichier chargé: PHPMailer SMTP
[2025-04-01 01:26:13] [INFO] Traitement de la réinitialisation de mot de passe
[2025-04-01 01:26:13] [INFO] Réinitialisation du mot de passe pour le technicien ID: 4
[2025-04-01 01:26:13] [INFO] Connexion à la base de données établie
[2025-04-01 01:26:13] [INFO] Informations du technicien récupérées: Ayoub Bellahcen
[2025-04-01 01:26:13] [INFO] Nouveau mot de passe généré pour MisterA
[2025-04-01 01:26:13] [INFO] Mot de passe mis à jour dans la base de données
[2025-04-01 01:26:13] [INFO] Configuration SMTP terminée
[2025-04-01 01:26:13] [INFO] Destinataires configurés: ayoubbellahcen10@gmail.com
[2025-04-01 01:26:13] [INFO] Contenu de l'email préparé
[2025-04-01 01:26:16] [INFO] Email de réinitialisation envoyé avec succès à ayoubbellahcen10@gmail.com
[2025-04-01 01:26:49] [INFO] Fichier chargé: Configuration de la base de données
[2025-04-01 01:26:49] [INFO] Fichier chargé: Fonctions utilitaires
[2025-04-01 01:26:49] [INFO] Fichier chargé: PHPMailer Exception
[2025-04-01 01:26:49] [INFO] Fichier chargé: PHPMailer Core
[2025-04-01 01:26:49] [INFO] Fichier chargé: PHPMailer SMTP
[2025-04-01 01:26:49] [INFO] Traitement de la réinitialisation de mot de passe
[2025-04-01 01:26:49] [INFO] Réinitialisation du mot de passe pour le technicien ID: 4
[2025-04-01 01:26:49] [INFO] Connexion à la base de données établie
[2025-04-01 01:26:49] [ERROR] Technicien ID: 4 introuvable
[2025-04-01 01:26:49] [ERROR] Erreur: Ce technicien n'existe pas
[2025-04-01 01:27:45] [INFO] Fichier chargé: Configuration de la base de données
[2025-04-01 01:27:45] [INFO] Fichier chargé: Fonctions utilitaires
[2025-04-01 01:27:45] [INFO] Fichier chargé: PHPMailer Exception
[2025-04-01 01:27:45] [INFO] Fichier chargé: PHPMailer Core
[2025-04-01 01:27:45] [INFO] Fichier chargé: PHPMailer SMTP
[2025-04-01 01:27:45] [INFO] Traitement de la réinitialisation de mot de passe
[2025-04-01 01:27:45] [INFO] Réinitialisation du mot de passe pour le technicien ID: 4
[2025-04-01 01:27:45] [INFO] Connexion à la base de données établie
[2025-04-01 01:27:45] [ERROR] Technicien ID: 4 introuvable
[2025-04-01 01:27:45] [ERROR] Erreur: Ce technicien n'existe pas
[2025-04-01 01:43:50] [INFO] Fichier chargé: Configuration de la base de données
[2025-04-01 01:43:50] [INFO] Fichier chargé: Fonctions utilitaires
[2025-04-01 01:43:50] [INFO] Fichier chargé: PHPMailer Exception
[2025-04-01 01:43:50] [INFO] Fichier chargé: PHPMailer Core
[2025-04-01 01:43:50] [INFO] Fichier chargé: PHPMailer SMTP
[2025-04-01 01:43:50] [INFO] Traitement de la demande de réinitialisation de mot de passe
[2025-04-01 01:43:50] [INFO] Connexion à la base de données établie
[2025-04-01 01:43:50] [ERROR] Erreur PDO: SQLSTATE[42S22]: Column not found: 1054 Champ 'user_name' inconnu dans field list
[2025-04-01 01:44:35] [INFO] Fichier chargé: Configuration de la base de données
[2025-04-01 01:44:35] [INFO] Fichier chargé: Fonctions utilitaires
[2025-04-01 01:44:35] [INFO] Fichier chargé: PHPMailer Exception
[2025-04-01 01:44:35] [INFO] Fichier chargé: PHPMailer Core
[2025-04-01 01:44:35] [INFO] Fichier chargé: PHPMailer SMTP
[2025-04-01 01:44:35] [INFO] Traitement de la demande de réinitialisation de mot de passe
[2025-04-01 01:44:35] [INFO] Connexion à la base de données établie
[2025-04-01 01:44:35] [INFO] Informations de l'utilisateur récupérées: Ayoub Bellahcen
[2025-04-01 01:44:35] [INFO] Nouveau mot de passe généré pour MisterA
[2025-04-01 01:44:35] [INFO] Mot de passe mis à jour dans la base de données
[2025-04-01 01:44:35] [INFO] Configuration SMTP terminée
[2025-04-01 01:44:35] [INFO] Destinataires configurés: ayoubbellahcen10@gmail.com
[2025-04-01 01:44:35] [INFO] Contenu de l'email préparé
[2025-04-01 01:44:39] [INFO] Email de réinitialisation envoyé avec succès à ayoubbellahcen10@gmail.com
[2025-04-01 01:55:30] [INFO] Fichier chargé: Configuration de la base de données
[2025-04-01 01:55:30] [INFO] Fichier chargé: Fonctions utilitaires
[2025-04-01 01:55:30] [INFO] Fichier chargé: PHPMailer Exception
[2025-04-01 01:55:30] [INFO] Fichier chargé: PHPMailer Core
[2025-04-01 01:55:30] [INFO] Fichier chargé: PHPMailer SMTP
[2025-04-01 01:55:30] [INFO] Traitement de la réinitialisation de mot de passe
[2025-04-01 01:55:30] [INFO] Réinitialisation du mot de passe pour le technicien ID: 5
[2025-04-01 01:55:30] [INFO] Connexion à la base de données établie
[2025-04-01 01:55:30] [INFO] Informations du technicien récupérées: Ayoub Bellahcen
[2025-04-01 01:55:30] [INFO] Nouveau mot de passe généré pour MisterA
[2025-04-01 01:55:31] [INFO] Mot de passe mis à jour dans la base de données
[2025-04-01 01:55:31] [INFO] Configuration SMTP terminée
[2025-04-01 01:55:31] [INFO] Destinataires configurés: ayoubbellahcen10@gmail.com
[2025-04-01 01:55:31] [INFO] Contenu de l'email préparé
[2025-04-01 01:55:36] [INFO] Email de réinitialisation envoyé avec succès à ayoubbellahcen10@gmail.com
