[2025-03-31 23:01:17] [INFO] Fichier chargé: Configuration de la base de données
[2025-03-31 23:01:17] [INFO] Fichier chargé: Fonctions utilitaires
[2025-03-31 23:01:17] [INFO] Fichier chargé: PHPMailer Exception
[2025-03-31 23:01:17] [INFO] Fichier chargé: PHPMailer Core
[2025-03-31 23:01:17] [INFO] Fichier chargé: PHPMailer SMTP
[2025-03-31 23:01:17] [INFO] Traitement du formulaire d'ajout de technicien
[2025-03-31 23:01:17] [INFO] Données reçues: Nom=Bellahcen, Prénom=Ayoub, Email=ayoubbellahcen10@gmail.com, Username=MisterA
[2025-03-31 23:01:17] [INFO] Connexion à la base de données établie
[2025-03-31 23:03:32] [INFO] Fichier chargé: Configuration de la base de données
[2025-03-31 23:03:32] [INFO] Fichier chargé: Fonctions utilitaires
[2025-03-31 23:03:32] [INFO] Fichier chargé: PHPMailer Exception
[2025-03-31 23:03:32] [INFO] Fichier chargé: PHPMailer Core
[2025-03-31 23:03:32] [INFO] Fichier chargé: PHPMailer SMTP
[2025-03-31 23:03:32] [INFO] Traitement du formulaire d'ajout de technicien
[2025-03-31 23:03:32] [INFO] Données reçues: Nom=Bellahcen, Prénom=Ayoub, Email=ayoubbellahcen10@gmail.com, Username=MisterA
[2025-03-31 23:03:32] [INFO] Connexion à la base de données établie
[2025-03-31 23:05:58] [INFO] Fichier chargé: Configuration de la base de données
[2025-03-31 23:05:58] [INFO] Fichier chargé: Fonctions utilitaires
[2025-03-31 23:05:58] [INFO] Fichier chargé: PHPMailer Exception
[2025-03-31 23:05:58] [INFO] Fichier chargé: PHPMailer Core
[2025-03-31 23:05:58] [INFO] Fichier chargé: PHPMailer SMTP
[2025-03-31 23:05:58] [INFO] Traitement du formulaire d'ajout de technicien
[2025-03-31 23:05:58] [INFO] Données reçues: Nom=Bellahcen, Prénom=Ayoub, Email=ayoubbellahcen10@gmail.com, Username=MisterA
[2025-03-31 23:05:58] [INFO] Connexion à la base de données établie
[2025-03-31 23:05:58] [INFO] Mot de passe généré pour MisterA
[2025-03-31 23:05:58] [INFO] Technicien inséré avec ID: 4
[2025-03-31 23:05:58] [INFO] Configuration SMTP terminée
[2025-03-31 23:05:58] [INFO] Destinataires configurés: ayoubbellahcen10@gmail.com
[2025-03-31 23:05:58] [INFO] Contenu de l'email préparé
[2025-03-31 23:06:03] [INFO] Email envoyé avec succès à ayoubbellahcen10@gmail.com
